core id num=1
ROM : START=0x0 SIZE=2048
RAM : START=0x200000 SIZE=2048
RAM : START=0x5ff7000 SIZE=10240
RAM : START=0x7ff7000 SIZE=10240
ELF SET CACHE RIGION:addr=0x0 size=81 [KB]
Elf loading was succeeded:0x0 - 0x1443c : 81.60 KB
Elf loading was succeeded:0x1443c - 0x14910 : 1.212 KB
ELF SYMBOL SECTION LOADED:index=21
ELF SYMBOL SECTION LOADED:sym_num=1059
ELF STRING TABLE SECTION LOADED:index=22
[ l_app runner: V850E2M VCPU is powered on ]
DEBUG_FUNC_VDEV_TX_IPADDR = 127.0.0.1
VDEV:TX IPADDR=127.0.0.1
VDEV:TX PORTNO=54001
VDEV:RX IPADDR=127.0.0.1
VDEV:RX PORTNO=54002
DEVICE_CONFIG_COMPLEMENTAL_TX_SENDING=1
DEVICE_CONFIG_RESET_AREA_OFFSET=68
DEVICE_CONFIG_RESET_AREA_SIZE=20
DEBUG_FUNC_FT_LOG_SIZE=1024
athrill_device_func_call=0x2004d0
[ l_app runner: Athrill2 is booted up ]
brick_dri initialized.
_____   ______ ___  ______
/ __/ | / /_  // _ /_  __/
/ _/ | |/ //_ </ , _/ / /
/___/ |___/____/_/|_| /_/

====================>Beta 7<=

Powered by TOPPERS/ASP3 RTOS of Hakoniwa
Initialization is completed..
[ l_app runner: EV3RT is booted up ]
[ l_app runner: EV3RT boot time: 0 secs. ]
Press Force Sensor to Start
Force Sensor Pressed, Start!
青ライン検知！ 青トレースモードに切り替え (検知回数: 0)
黒ライン復帰！ PID制御を再開します
青ライン検知！ 青トレースモードに切り替え (検知回数: 1)
黒ライン復帰！ PID制御を再開します
青ライン検知！ 青トレースモードに切り替え (検知回数: 2)
黒ライン復帰！ PID制御を再開します
青ライン検知！ 青トレースモードに切り替え (検知回数: 3)
黒ライン復帰！ PID制御を再開します
青ライン検知！ 青トレースモードに切り替え (検知回数: 4)
[ l_app runner: exit: Athrill2 was shutted down ]
[ l_app runner: duration of running: 99 secs in real-world time ]
