core id num=1
ROM : START=0x0 SIZE=2048
RAM : START=0x200000 SIZE=2048
RAM : START=0x5ff7000 SIZE=10240
RAM : START=0x7ff7000 SIZE=10240
ELF SET CACHE RIGION:addr=0x0 size=80 [KB]
Elf loading was succeeded:0x0 - 0x14174 : 80.372 KB
Elf loading was succeeded:0x14174 - 0x14648 : 1.212 KB
ELF SYMBOL SECTION LOADED:index=21
ELF SYMBOL SECTION LOADED:sym_num=1055
ELF STRING TABLE SECTION LOADED:index=22
[ l_app runner: V850E2M VCPU is powered on ]
DEBUG_FUNC_VDEV_TX_IPADDR = 127.0.0.1
VDEV:TX IPADDR=127.0.0.1
VDEV:TX PORTNO=54001
VDEV:RX IPADDR=127.0.0.1
VDEV:RX PORTNO=54002
DEVICE_CONFIG_COMPLEMENTAL_TX_SENDING=1
DEVICE_CONFIG_RESET_AREA_OFFSET=68
DEVICE_CONFIG_RESET_AREA_SIZE=20
DEBUG_FUNC_FT_LOG_SIZE=1024
athrill_device_func_call=0x2004d0
[ l_app runner: Athrill2 is booted up ]
brick_dri initialized.
_____   ______ ___  ______
/ __/ | / /_  // _ /_  __/
/ _/ | |/ //_ </ , _/ / /
/___/ |___/____/_/|_| /_/

====================>Beta 7<=

Powered by TOPPERS/ASP3 RTOS of Hakoniwa
Initialization is completed..
[ l_app runner: EV3RT is booted up ]
[ l_app runner: EV3RT boot time: 0 secs. ]
H:   0, S:   0, V:   0
H:   0, S:   0, V:   0
H:   0, S:   0, V:   0
H:   0, S:   0, V:   0
H:   0, S:   0, V:   0
H:   0, S:   0, V:   0
H:   0, S:   0, V:   0
H:   0, S:   0, V:   0
H:   0, S:   0, V:   0
H:   0, S:   0, V:   0
H:   0, S:   0, V:   0
H:   0, S:   0, V:   0
H:   0, S:   0, V:   0
H:   0, S:   0, V:   0
H:   0, S:   0, V:   0
H:   0, S:   0, V:   0
H:   0, S:   0, V:   0
H:   0, S:   0, V:   0
H:   0, S:   0, V:   0
H:   0, S:   0, V:   0
H:   0, S:   0, V:   0
H:   0, S:   0, V:   0
H:   0, S:   0, V:   0
H:   0, S:   0, V:   0
H:   0, S:   0, V:   0
H:   0, S:   0, V:   0
H:   0, S:   0, V:   0
H:   0, S:   0, V:   0
H:   0, S:   0, V:   0
H:   0, S:   0, V:   0
H:   0, S:   0, V:   0
H:   0, S:   0, V:   0
H:   0, S:   0, V:   0
H:   0, S:   0, V:   0
H:   0, S:   0, V:   0
H:   0, S:   0, V:   0
H:   0, S:   0, V:   0
H:   0, S:   0, V:   0
H:   0, S:   0, V:   0
H:   0, S:   0, V:   0
H:   0, S:   0, V:   0
H:   0, S:   0, V:   0
H:   0, S:   0, V:   0
H:   0, S:   0, V:   0
H:   0, S:   0, V:   0
H:   0, S:   0, V:   0
H:   0, S:   0, V:   0
H:   0, S:   0, V:   0
H:   0, S:   0, V:   0
H:   0, S:   0, V:   0
H:   0, S:   0, V:   0
H:   0, S:   0, V:   0
H:   0, S:   0, V:   0
H:   0, S:   0, V:   0
H:   0, S:   0, V:   0
H:   0, S:   0, V:   0
H:   0, S:   0, V:   0
H:   0, S:   0, V:   0
H:   0, S:   0, V:   0
H:   0, S:   0, V:   0
H:   0, S:   0, V:   0
H:   0, S:   0, V:   0
H:   0, S:   0, V:   0
H:   0, S:   0, V:   0
H:   0, S:   0, V:   0
H:   0, S:   0, V:   0
H:   0, S:   0, V:   0
H:   0, S:   0, V:   0
H:   0, S:   0, V:   0
H:   0, S:   0, V:   0
H:   0, S:   0, V:   0
H:   0, S:   0, V:   0
H:   0, S:   0, V:   0
H:   0, S:   0, V:   0
H:   0, S:   0, V:   0
H:   0, S:   0, V:   0
H:   0, S:   0, V:   0
H:   0, S:   0, V:   0
H:   0, S:   0, V:   0
H:   0, S:   0, V:   0
H:   0, S:   0, V:   0
H:   0, S:   0, V:   0
H:   0, S:   0, V:   0
H:   0, S:   0, V:   0
H:   0, S:   0, V:   0
H:   0, S:   0, V:   0
H:   0, S:   0, V:   0
H:   0, S:   0, V:   0
H:   0, S:   0, V:   0
H:   0, S:   0, V:   0
H:   0, S:   0, V:   0
H:   0, S:   0, V:   0
H:   0, S:   0, V:   0
H:   0, S:   0, V:   0
H:   0, S:   0, V:   0
H:   0, S:   0, V:   0
H:   0, S:   0, V:   0
H:   0, S:   0, V:   0
H:   0, S:   0, V:   0
H:   0, S:   0, V:   0
H:   0, S:   0, V:   0
H:   0, S:   0, V:   0
H:   0, S:   0, V:   0
H:   0, S:   0, V:   0
H:   0, S:   0, V:   0
H:   0, S:   0, V:   0
H:   0, S:   0, V:   0
H:   0, S:   0, V:   0
H:   0, S:   0, V:   0
H:   0, S:   0, V:   0
H:   0, S:   0, V:   0
H:   0, S:   0, V:   0
H:   0, S:   0, V:   0
H:   0, S:   0, V:   0
H:   0, S:   0, V:   0
H:   0, S:   0, V:   0
H:   0, S:   0, V:   0
H:   0, S:   0, V:   0
H:   0, S:   0, V:   0
H:   0, S:   0, V:   0
H:   0, S:   0, V:   0
H:   0, S:   0, V:   0
H:   0, S:   0, V:   0
H:   0, S:   0, V:   0
H:   0, S:   0, V:   0
H:   0, S:   0, V:   0
H:   0, S:   0, V:   0
H:   0, S:   0, V:   0
H:   0, S:   0, V:   0
H:   0, S:   0, V:   0
H:   0, S:   0, V:   0
H:   0, S:   0, V:   0
H:   0, S:   0, V:   0
H:   0, S:   0, V:   0
H:   0, S:   0, V:   0
H:   0, S:   0, V:   0
H:   0, S:   0, V:   0
H:   0, S:   0, V:   0
H:   0, S:   0, V:   0
H:   0, S:   0, V:   0
H:   0, S:   0, V:   0
H:   0, S:   0, V:   0
H:   0, S:   0, V:   0
H:   0, S:   0, V:   0
H:   0, S:   0, V:   0
H:   0, S:   0, V:   0
H:   0, S:   0, V:   0
H:   0, S:   0, V:   0
H:   0, S:   0, V:   0
H:   0, S:   0, V:   0
H:   0, S:   0, V:   0
H:   0, S:   0, V:   0
H:   0, S:   0, V:   0
H:   0, S:   0, V:   0
H:   0, S:   0, V:   0
H:   0, S:   0, V:   0
H:   0, S:   0, V:   0
H:   0, S:   0, V:   0
H:   0, S:   0, V:   0
H:   0, S:   0, V:   0
H:   0, S:   0, V:   0
H:   0, S:   0, V:   0
H:   0, S:   0, V:   0
H:   0, S:   0, V:   0
H:   0, S:   0, V:   0
H:   0, S:   0, V:   0
H:   0, S:   0, V:   0
H:   0, S:   0, V:   0
H:   0, S:   0, V:   0
H:   0, S:   0, V:   0
H:   0, S:   0, V:   0
H:   0, S:   0, V:   0
H:   0, S:   0, V:   0
H:   0, S:   0, V:   0
H:   0, S:   0, V:   0
H:   0, S:   0, V:   0
H:   0, S:   0, V:   0
H:   0, S:   0, V:   0
H:   0, S:   0, V:   0
H:   0, S:   0, V:   0
H:   0, S:   0, V:   0
H:   0, S:   0, V:   0
H:   0, S:   0, V:   0
H:   0, S:   0, V:   0
H:   0, S:   0, V:   0
H:   0, S:   0, V:   0
H:   0, S:   0, V:   0
H:   0, S:   0, V:   0
H:   0, S:   0, V:   0
H:   0, S:   0, V:   0
H:   0, S:   0, V:   0
H:   0, S:   0, V:   0
H:   0, S:   0, V:   0
H:   0, S:   0, V:   0
H:   0, S:   0, V:   0
H:   0, S:   0, V:   0
H:   0, S:   0, V:   0
H:   0, S:   0, V:   0
H:   0, S:   0, V:   0
H:   0, S:   0, V:   0
H:   0, S:   0, V:   0
H:   0, S:   0, V:   0
H:   0, S:   0, V:   0
H:   0, S:   0, V:   0
H:   0, S:   0, V:   0
H:   0, S:   0, V:   0
H:   0, S:   0, V:   0
H:   0, S:   0, V:   0
H:   0, S:   0, V:   0
H:   0, S:   0, V:   0
H:   0, S:   0, V:   0
H:   0, S:   0, V:   0
H:   0, S:   0, V:   0
H:   0, S:   0, V:   0
H:   0, S:   0, V:   0
H:   0, S:   0, V:   0
H:   0, S:   0, V:   0
H:   0, S:   0, V:   0
H:   0, S:   0, V:   0
H:   0, S:   0, V:   0
H:   0, S:   0, V:   0
H:   0, S:   0, V:   0
H:   0, S:   0, V:   0
H:   0, S:   0, V:   0
H:   0, S:   0, V:   0
H:   0, S:   0, V:   0
H:   0, S:   0, V:   0
H:   0, S:   0, V:   0
H:   0, S:   0, V:   0
H:   0, S:   0, V:   0
H:   0, S:   0, V:   0
H:   0, S:   0, V:   0
H:   0, S:   0, V:   0
H:   0, S:   0, V:   0
H:   0, S:   0, V:   0
H:   0, S:   0, V:   0
H:   0, S:   0, V:   0
H:   0, S:   0, V:   0
H:   0, S:   0, V:   0
H:   0, S:   0, V:   0
H:   0, S:   0, V:   0
H:   0, S:   0, V:   0
H:   0, S:   0, V:   0
H:   0, S:   0, V:   0
H:   0, S:   0, V:   0
H:   0, S:   0, V:   0
H:   0, S:   0, V:   0
H:   0, S:   0, V:   0
H:   0, S:   0, V:   0
H:   0, S:   0, V:   0
H:   0, S:   0, V:   0
H:   0, S:   0, V:   0
H:   0, S:   0, V:   0
H:   0, S:   0, V:   0
H:   0, S:   0, V:   0
H:   0, S:   0, V:   0
H:   0, S:   0, V:   0
H:   0, S:   0, V:   0
H:   0, S:   0, V:   0
H:   0, S:   0, V:   0
H:   0, S:   0, V:   0
H:   0, S:   0, V:   0
H:   0, S:   0, V:   0
H:   0, S:   0, V:   0
H:   0, S:   0, V:   0
H:   0, S:   0, V:   0
H:   0, S:   0, V:   0
H:   0, S:   0, V:   0
H:   0, S:   0, V:   0
H:   0, S:   0, V:   0
H:   0, S:   0, V:   0
H:   0, S:   0, V:   0
H:   0, S:   0, V:   0
H:   0, S:   0, V:   0
H:   0, S:   0, V:   0
H:   0, S:   0, V:   0
H:   0, S:   0, V:   0
H:   0, S:   0, V:   0
H:   0, S:   0, V:   0
H:   0, S:   0, V:   0
H:   0, S:   0, V:   0
H:   0, S:   0, V:   0
H:   0, S:   0, V:   0
H:   0, S:   0, V:   0
H:   0, S:   0, V:   0
H:   0, S:   0, V:   0
H:   0, S:   0, V:   0
H:   0, S:   0, V:   0
H:   0, S:   0, V:   0
H:   0, S:   0, V:   0
H:   0, S:   0, V:   0
H:   0, S:   0, V:   0
H:   0, S:   0, V:   0
H:   0, S:   0, V:   0
H:   0, S:   0, V:   0
H:   0, S:   0, V:   0
H:   0, S:   0, V:   0
H:   0, S:   0, V:   0
H:   0, S:   0, V:   0
H:   0, S:   0, V:   0
H:   0, S:   0, V:   0
H:   0, S:   0, V:   0
H:   0, S:   0, V:   0
H:   0, S:   0, V:   0
H:   0, S:   0, V:   0
H:   0, S:   0, V:   0
H:   0, S:   0, V:   0
H:   0, S:   0, V:   0
H:   0, S:   0, V:   0
H:   0, S:   0, V:   0
H:   0, S:   0, V:   0
H:   0, S:   0, V:   0
H:   0, S:   0, V:   0
H:   0, S:   0, V:   0
H:   0, S:   0, V:   0
H:   0, S:   0, V:   0
H:   0, S:   0, V:   0
H:   0, S:   0, V:   0
H:   0, S:   0, V:   0
H:   0, S:   0, V:   0
H:   0, S:   0, V:   0
H:   0, S:   0, V:   0
H:   0, S:   0, V:   0
H:   0, S:   0, V:   0
H:   0, S:   0, V:   0
H:   0, S:   0, V:   0
H:   0, S:   0, V:   0
H:   0, S:   0, V:   0
H:   0, S:   0, V:   0
H:   0, S:   0, V:   0
H:   0, S:   0, V:   0
H:   0, S:   0, V:   0
H:   0, S:   0, V:   0
H:   0, S:   0, V:   0
H:   0, S:   0, V:   0
H:   0, S:   0, V:   0
H:   0, S:   0, V:   0
H:   0, S:   0, V:   0
H:   0, S:   0, V:   0
H:   0, S:   0, V:   0
H:   0, S:   0, V:   0
H:   0, S:   0, V:   0
H:   0, S:   0, V:   0
H:   0, S:   0, V:   0
H:   0, S:   0, V:   0
H:   0, S:   0, V:   0
H:   0, S:   0, V:   0
H:   0, S:   0, V:   0
H:   0, S:   0, V:   0
H:   0, S:   0, V:   0
H:   0, S:   0, V:   0
H:   0, S:   0, V:   0
H:   0, S:   0, V:   0
H:   0, S:   0, V:   0
H:   0, S:   0, V:   0
H:   0, S:   0, V:   0
H:   0, S:   0, V:   0
H:   0, S:   0, V:   0
H:   0, S:   0, V:   0
H:   0, S:   0, V:   0
H:   0, S:   0, V:   0
H:   0, S:   0, V:   0
H:   0, S:   0, V:   0
H:   0, S:   0, V:   0
H:   0, S:   0, V:   0
H:   0, S:   0, V:   0
H:   0, S:   0, V:   0
H:   0, S:   0, V:   0
H:   0, S:   0, V:   0
H:   0, S:   0, V:   0
H:   0, S:   0, V:   0
H:   0, S:   0, V:   0
H:   0, S:   0, V:   0
H:   0, S:   0, V:   0
H:   0, S:   0, V:   0
H:   0, S:   0, V:   0
H:   0, S:   0, V:   0
H:   0, S:   0, V:   0
H:   0, S:   0, V:   0
H:   0, S:   0, V:   0
H:   0, S:   0, V:   0
H:   0, S:   0, V:   0
H:   0, S:   0, V:   0
H:   0, S:   0, V:   0
H:   0, S:   0, V:   0
H:   0, S:   0, V:   0
H:   0, S:   0, V:   0
H:   0, S:   0, V:   0
H:   0, S:   0, V:   0
H:   0, S:   0, V:   0
H:   0, S:   0, V:   0
H:   0, S:   0, V:   0
H:   0, S:   0, V:   0
H:   0, S:   0, V:   0
H:   0, S:   0, V:   0
H:   0, S:   0, V:   0
H:   0, S:   0, V:   0
H:   0, S:   0, V:   0
H:   0, S:   0, V:   0
H:   0, S:   0, V:   0
H:   0, S:   0, V:   0
H:   0, S:   0, V:   0
H:   0, S:   0, V:   0
H:   0, S:   0, V:   0
H:   0, S:   0, V:   0
H:   0, S:   0, V:   0
H:   0, S:   0, V:   0
H:   0, S:   0, V:   0
H:   0, S:   0, V:   0
H:   0, S:   0, V:   0
H:   0, S:   0, V:   0
H:   0, S:   0, V:   0
H:   0, S:   0, V:   0
H:   0, S:   0, V:   0
H:   0, S:   0, V:   0
H:   0, S:   0, V:   0
H:   0, S:   0, V:   0
H:   0, S:   0, V:   0
H:   0, S:   0, V:   0
H:   0, S:   0, V:   0
H:   0, S:   0, V:   0
H:   0, S:   0, V:   0
H:   0, S:   0, V:   0
H:   0, S:   0, V:   0
H:   0, S:   0, V:   0
H:   0, S:   0, V:   0
H:   0, S:   0, V:   0
H:   0, S:   0, V:   0
H:   0, S:   0, V:   0
H:   0, S:   0, V:   0
H:   0, S:   0, V:   0
H:   0, S:   0, V:   0
H:   0, S:   0, V:   0
H:   0, S:   0, V:   0
H:   0, S:   0, V:   0
H:   0, S:   0, V:   0
H:   0, S:   0, V:   0
H:   0, S:   0, V:   0
H:   0, S:   0, V:   0
H:   0, S:   0, V:   0
H:   0, S:   0, V:   0
H:   0, S:   0, V:   0
H:   0, S:   0, V:   0
H:   0, S:   0, V:   0
H:   0, S:   0, V:   0
H:   0, S:   0, V:   0
H:   0, S:   0, V:   0
H:   0, S:   0, V:   0
H:   0, S:   0, V:   0
H:   0, S:   0, V:   0
H:   0, S:   0, V:   0
H:   0, S:   0, V:   0
H:   0, S:   0, V:   0
H:   0, S:   0, V:   0
H:   0, S:   0, V:   0
H:   0, S:   0, V:   0
H:   0, S:   0, V:   0
H:   0, S:   0, V:   0
H:   0, S:   0, V:   0
H:   0, S:   0, V:   0
H:   0, S:   0, V:   0
H:   0, S:   0, V:   0
H:   0, S:   0, V:   0
H:   0, S:   0, V:   0
H:   0, S:   0, V:   0
H:   0, S:   0, V:   0
H:   0, S:   0, V:   0
H:   0, S:   0, V:   0
H:   0, S:   0, V:   0
H:   0, S:   0, V:   0
H:   0, S:   0, V:   0
H:   0, S:   0, V:   0
H:   0, S:   0, V:   0
H:   0, S:   0, V:   0
H:   0, S:   0, V:   0
H:   0, S:   0, V:   0
H:   0, S:   0, V:   0
H:   0, S:   0, V:   0
H:   0, S:   0, V:   0
H:   0, S:   0, V:   0
H:   0, S:   0, V:   0
H:   0, S:   0, V:   0
H:   0, S:   0, V:   0
H:   0, S:   0, V:   0
H:   0, S:   0, V:   0
H:   0, S:   0, V:   0
H:   0, S:   0, V:   0
H:   0, S:   0, V:   0
H:   0, S:   0, V:   0
H:   0, S:   0, V:   0
H:   0, S:   0, V:   0
H:   0, S:   0, V:   0
H:   0, S:   0, V:   0
H:   0, S:   0, V:   0
H:   0, S:   0, V:   0
H:   0, S:   0, V:   0
H:   0, S:   0, V:   0
H:   0, S:   0, V:   0
H:   0, S:   0, V:   0
H:   0, S:   0, V:   0
H:   0, S:   0, V:   0
H:   0, S:   0, V:   0
H:   0, S:   0, V:   0
H:   0, S:   0, V:   0
H:   0, S:   0, V:   0
H:   0, S:   0, V:   0
H:   0, S:   0, V:   0
H:   0, S:   0, V:   0
H:   0, S:   0, V:   0
H:   0, S:   0, V:   0
H:   0, S:   0, V:   0
H:   0, S:   0, V:   0
H:   0, S:   0, V:   0
H:   0, S:   0, V:   0
H:   0, S:   0, V:   0
H:   0, S:   0, V:   0
H:   0, S:   0, V:   0
H:   0, S:   0, V:   0
H:   0, S:   0, V:   0
H:   0, S:   0, V:   0
H:   0, S:   0, V:   0
H:   0, S:   0, V:   0
H:   0, S:   0, V:   0
H:   0, S:   0, V:   0
H:   0, S:   0, V:   0
H:   0, S:   0, V:   0
H:   0, S:   0, V:   0
H:   0, S:   0, V:   0
H:   0, S:   0, V:   0
H:   0, S:   0, V:   0
H:   0, S:   0, V:   0
H:   0, S:   0, V:   0
H:   0, S:   0, V:   0
H:   0, S:   0, V:   0
H:   0, S:   0, V:   0
H:   0, S:   0, V:   0
H:   0, S:   0, V:   0
H:   0, S:   0, V:   0
H:   0, S:   0, V:   0
H:   0, S:   0, V:   0
H:   0, S:   0, V:   0
H:   0, S:   0, V:   0
H:   0, S:   0, V:   0
H:   0, S:   0, V:   0
H:   0, S:   0, V:   0
H:   0, S:   0, V:   0
H:   0, S:   0, V:   0
H:   0, S:   0, V:   0
H:   0, S:   0, V:   0
H:   0, S:   0, V:   0
H:   0, S:   0, V:   0
H:   0, S:   0, V:   0
H:   0, S:   0, V:   0
H:   0, S:   0, V:   0
H:   0, S:   0, V:   0
H:   0, S:   0, V:   0
H:   0, S:   0, V:   0
H:   0, S:   0, V:   0
H:   0, S:   0, V:   0
H:   0, S:   0, V:   0
H:   0, S:   0, V:   0
H:   0, S:   0, V:   0
H:   0, S:   0, V:   0
H:   0, S:   0, V:   0
H:   0, S:   0, V:   0
H:   0, S:   0, V:   0
H:   0, S:   0, V:   0
H:   0, S:   0, V:   0
H:   0, S:   0, V:   0
H:   0, S:   0, V:   0
H:   0, S:   0, V:   0
H:   0, S:   0, V:   0
H:   0, S:   0, V:   0
H:   0, S:   0, V:   0
H:   0, S:   0, V:   0
H:   0, S:   0, V:   0
H:   0, S:   0, V:   0
H:   0, S:   0, V:   0
H:   0, S:   0, V:   0
H:   0, S:   0, V:   0
H:   0, S:   0, V:   0
H:   0, S:   0, V:   0
H:   0, S:   0, V:   0
H:   0, S:   0, V:   0
H:   0, S:   0, V:   0
H:   0, S:   0, V:   0
H:   0, S:   0, V:   0
H:   0, S:   0, V:   0
H:   0, S:   0, V:   0
H:   0, S:   0, V:   0
H:   0, S:   0, V:   0
H:   0, S:   0, V:   0
H:   0, S:   0, V:   0
H:   0, S:   0, V:   0
H:   0, S:   0, V:   0
H:   0, S:   0, V:   0
H:   0, S:   0, V:   0
H:   0, S:   0, V:   0
H:   0, S:   0, V:   0
H:   0, S:   0, V:   0
H:   0, S:   0, V:   0
H:   0, S:   0, V:   0
H:   0, S:   0, V:   0
H:   0, S:   0, V:   0
H:   0, S:   0, V:   0
H:   0, S:   0, V:   0
H:   0, S:   0, V:   0
H:   0, S:   0, V:   0
H:   0, S:   0, V:   0
H:   0, S:   0, V:   0
H:   0, S:   0, V:   0
H:   0, S:   0, V:   0
H:   0, S:   0, V:   0
H:   0, S:   0, V:   0
H:   0, S:   0, V:   0
H:   0, S:   0, V:   0
H:   0, S:   0, V:   0
H:   0, S:   0, V:   0
H:   0, S:   0, V:   0
H:   0, S:   0, V:   0
H:   0, S:   0, V:   0
H:   0, S:   0, V:   0
H:   0, S:   0, V:   0
H:   0, S:   0, V:   0
H:   0, S:   0, V:   0
H:   0, S:   0, V:   0
H:   0, S:   0, V:   0
H:   0, S:   0, V:   0
H:   0, S:   0, V:   0
H:   0, S:   0, V:   0
H:   0, S:   0, V:   0
H:   0, S:   0, V:   0
H:   0, S:   0, V:   0
H:   0, S:   0, V:   0
H:   0, S:   0, V:   0
H:   0, S:   0, V:   0
H:   0, S:   0, V:   0
H:   0, S:   0, V:   0
H:   0, S:   0, V:   0
H:   0, S:   0, V:   0
H:   0, S:   0, V:   0
H:   0, S:   0, V:   0
H:   0, S:   0, V:   0
H:   0, S:   0, V:   0
H:   0, S:   0, V:   0
H:   0, S:   0, V:   0
H:   0, S:   0, V:   0
H:   0, S:   0, V:   0
H:   0, S:   0, V:   0
H:   0, S:   0, V:   0
H:   0, S:   0, V:   0
H:   0, S:   0, V:   0
H:   0, S:   0, V:   0
H:   0, S:   0, V:   0
H:   0, S:   0, V:   0
H:   0, S:   0, V:   0
H:   0, S:   0, V:   0
H:   0, S:   0, V:   0
H:   0, S:   0, V:   0
H:   0, S:   0, V:   0
H:   0, S:   0, V:   0
H:   0, S:   0, V:   0
H:   0, S:   0, V:   0
H:   0, S:   0, V:   0
H:   0, S:   0, V:   0
H:   0, S:   0, V:   0
H:   0, S:   0, V:   0
H:   0, S:   0, V:   0
H:   0, S:   0, V:   0
H:   0, S:   0, V:   0
H:   0, S:   0, V:   0
H:   0, S:   0, V:   0
H:   0, S:   0, V:   0
H:   0, S:   0, V:   0
H:   0, S:   0, V:   0
H:   0, S:   0, V:   0
H:   0, S:   0, V:   0
H:   0, S:   0, V:   0
H:   0, S:   0, V:   0
H:   0, S:   0, V:   0
H:   0, S:   0, V:   0
H:   0, S:   0, V:   0
H:   0, S:   0, V:   0
H:   0, S:   0, V:   0
H:   0, S:   0, V:   0
H:   0, S:   0, V:   0
H:   0, S:   0, V:   0
H:   0, S:   0, V:   0
H:   0, S:   0, V:   0
H:   0, S:   0, V:   0
H:   0, S:   0, V:   0
H:   0, S:   0, V:   0
H:   0, S:   0, V:   0
H:   0, S:   0, V:   0
H:   0, S:   0, V:   0
H:   0, S:   0, V:   0
H:   0, S:   0, V:   0
H:   0, S:   0, V:   0
H:   0, S:   0, V:   0
H:   0, S:   0, V:   0
H:   0, S:   0, V:   0
H:   0, S:   0, V:   0
H:   0, S:   0, V:   0
H:   0, S:   0, V:   0
H:   0, S:   0, V:   0
H:   0, S:   0, V:   0
H:   0, S:   0, V:   0
H:   0, S:   0, V:   0
H:   0, S:   0, V:   0
H:   0, S:   0, V:   0
H:   0, S:   0, V:   0
H:   0, S:   0, V:   0
H:   0, S:   0, V:   0
H:   0, S:   0, V:   0
H:   0, S:   0, V:   0
H:   0, S:   0, V:   0
H:   0, S:   0, V:   0
H:   0, S:   0, V:   0
H:   0, S:   0, V:   0
H:   0, S:   0, V:   0
H:   0, S:   0, V:   0
H:   0, S:   0, V:   0
H:   0, S:   0, V:   0
H:   0, S:   0, V:   0
H:   0, S:   0, V:   0
H:   0, S:   0, V:   0
H:   0, S:   0, V:   0
H:   0, S:   0, V:   0
H:   0, S:   0, V:   0
H:   0, S:   0, V:   0
H:   0, S:   0, V:   0
H:   0, S:   0, V:   0
H:   0, S:   0, V:   0
H:   0, S:   0, V:   0
H:   0, S:   0, V:   0
H:   0, S:   0, V:   0
H:   0, S:   0, V:   0
H:   0, S:   0, V:   0
H:   0, S:   0, V:   0
H:   0, S:   0, V:   0
H:   0, S:   0, V:   0
H:   0, S:   0, V:   0
H:   0, S:   0, V:   0
H:   0, S:   0, V:   0
H:   0, S:   0, V:   0
H:   0, S:   0, V:   0
H:   0, S:   0, V:   0
H:   0, S:   0, V:   0
H:   0, S:   0, V:   0
H:   0, S:   0, V:   0
H:   0, S:   0, V:   0
H:   0, S:   0, V:   0
H:   0, S:   0, V:   0
H:   0, S:   0, V:   0
H:   0, S:   0, V:   0
H:   0, S:   0, V:   0
H:   0, S:   0, V:   0
H:   0, S:   0, V:   0
H:   0, S:   0, V:   0
H:   0, S:   0, V:   0
H:   0, S:   0, V:   0
H:   0, S:   0, V:   0
H:   0, S:   0, V:   0
H:   0, S:   0, V:   0
H:   0, S:   0, V:   0
H:   0, S:   0, V:   0
H:   0, S:   0, V:   0
H:   0, S:   0, V:   0
H:   0, S:   0, V:   0
H:   0, S:   0, V:   0
H:   0, S:   0, V:   0
H:   0, S:   0, V:   0
H:   0, S:   0, V:   0
H:   0, S:   0, V:   0
H:   0, S:   0, V:   0
H:   0, S:   0, V:   0
H:   0, S:   0, V:   0
H:   0, S:   0, V:   0
H:   0, S:   0, V:   0
H:   0, S:   0, V:   0
H:   0, S:   0, V:   0
H:   0, S:   0, V:   0
H:   0, S:   0, V:   0
H:   0, S:   0, V:   0
H:   0, S:   0, V:   0
H:   0, S:   0, V:   0
H:   0, S:   0, V:   0
H:   0, S:   0, V:   0
H:   0, S:   0, V:   0
H:   0, S:   0, V:   0
H:   0, S:   0, V:   0
H:   0, S:   0, V:   0
H:   0, S:   0, V:   0
H:   0, S:   0, V:   0
H:   0, S:   0, V:   0
H:   0, S:   0, V:   0
H:   0, S:   0, V:   0
H:   0, S:   0, V:   0
H:   0, S:   0, V:   0
H:   0, S:   0, V:   0
H:   0, S:   0, V:   0
H:   0, S:   0, V:   0
H:   0, S:   0, V:   0
H:   0, S:   0, V:   0
H:   0, S:   0, V:   0
H:   0, S:   0, V:   0
H:   0, S:   0, V:   0
H:   0, S:   0, V:   0
H:   0, S:   0, V:   0
H:   0, S:   0, V:   0
H:   0, S:   0, V:   0
H:   0, S:   0, V:   0
H:   0, S:   0, V:   0
H:   0, S:   0, V:   0
H: 155, S:  87, V: 202
H: 155, S:  87, V: 202
H: 155, S:  87, V: 202
H: 155, S:  87, V: 202
H: 155, S:  87, V: 202
H: 155, S:  87, V: 202
H: 156, S:  87, V: 153
H: 156, S:  87, V: 126
H: 156, S:  87, V: 111
H: 156, S:  87, V:  86
H: 156, S:  87, V:  92
H: 156, S:  87, V:  85
H: 156, S:  87, V:  76
H: 156, S:  87, V:  70
H: 156, S:  87, V:  67
H: 156, S:  87, V:  65
H: 156, S:  87, V:  67
H: 156, S:  87, V:  76
H: 156, S:  87, V:  60
H: 156, S:  87, V:  62
H: 156, S:  87, V:  62
H: 156, S:  87, V:  65
H: 156, S:  87, V:  62
H: 156, S:  87, V:  63
H: 156, S:  87, V:  62
H: 156, S:  87, V:  57
H: 156, S:  87, V:  49
H: 155, S:  87, V: 192
H: 155, S:  87, V: 192
H: 155, S:  87, V: 192
H: 155, S:  87, V: 192
H: 155, S:  87, V: 192
H: 155, S:  87, V: 192
H: 155, S:  87, V: 192
H: 155, S:  87, V: 192
H: 155, S:  87, V: 192
H: 155, S:  87, V: 192
H: 155, S:  87, V: 192
H: 155, S:  87, V: 192
H: 155, S:  87, V: 200
H: 155, S:  87, V: 200
H: 244, S:  28, V:   3
H: 244, S:  28, V: 245
[ l_app runner: exit: Athrill2 was shutted down ]
[ l_app runner: duration of running: 31 secs in real-world time ]
